<?xml version="1.0" encoding="UTF-8"?>
<testsuite name="com.test.TestApplicationTests" tests="3" skipped="0" failures="0" errors="0" timestamp="2024-11-25T08:25:59" hostname="hyunui-MacBookPro.local" time="0.384">
  <properties/>
  <testcase name="기본 테스트" classname="com.test.TestApplicationTests" time="0.38"/>
  <testcase name="성공 테스트" classname="com.test.TestApplicationTests" time="0.001"/>
  <testcase name="실패 테스트" classname="com.test.TestApplicationTests" time="0.001"/>
  <system-out><![CDATA[
  .   ____          _            __ _ _
 /\\ / ___'_ __ _ _(_)_ __  __ _ \ \ \ \
( ( )\___ | '_ | '_| | '_ \/ _` | \ \ \ \
 \\/  ___)| |_)| | | | | || (_| |  ) ) ) )
  '  |____| .__|_| |_|_| |_\__, | / / / /
 =========|_|==============|___/=/_/_/_/

 :: Spring Boot ::                (v3.4.0)

2024-11-25T17:25:59.277+09:00  INFO 33306 --- [demo] [    Test worker] com.test.TestApplicationTests            : Starting TestApplicationTests using Java 17.0.10 with PID 33306 (started by hyun in /Users/hyun/Downloads/demo)
2024-11-25T17:25:59.278+09:00  INFO 33306 --- [demo] [    Test worker] com.test.TestApplicationTests            : No active profile set, falling back to 1 default profile: "default"
2024-11-25T17:25:59.336+09:00  INFO 33306 --- [demo] [    Test worker] com.test.TestApplicationTests            : Started TestApplicationTests in 0.164 seconds (process running for 0.582)
Hello World
false
]]></system-out>
  <system-err><![CDATA[]]></system-err>
</testsuite>
